<?xml version="1.0" encoding="UTF-8"?>
<testsuite xmlns:xsi="http://www.w3.org/2001/XMLSchema-instance" xsi:noNamespaceSchemaLocation="https://maven.apache.org/surefire/maven-surefire-plugin/xsd/surefire-test-report-3.0.xsd" version="3.0" name="TestSuite" time="3.154" tests="2" errors="0" skipped="0" failures="0">
  <properties>
    <property name="gopherProxySet" value="false"/>
    <property name="awt.toolkit" value="sun.lwawt.macosx.LWCToolkit"/>
    <property name="java.specification.version" value="9"/>
    <property name="file.encoding.pkg" value="sun.io"/>
    <property name="sun.cpu.isalist" value=""/>
    <property name="sun.jnu.encoding" value="UTF-8"/>
    <property name="java.class.path" value="/Users/bimalviswam/IdeaProjects/Reqres/target/test-classes:/Users/bimalviswam/IdeaProjects/Reqres/target/classes:/Users/bimalviswam/.m2/repository/junit/junit/4.13/junit-4.13.jar:/Users/bimalviswam/.m2/repository/org/hamcrest/hamcrest-core/1.3/hamcrest-core-1.3.jar:/Users/bimalviswam/.m2/repository/io/rest-assured/rest-assured/4.1.2/rest-assured-4.1.2.jar:/Users/bimalviswam/.m2/repository/org/codehaus/groovy/groovy/2.5.8/groovy-2.5.8.jar:/Users/bimalviswam/.m2/repository/org/codehaus/groovy/groovy-xml/2.5.8/groovy-xml-2.5.8.jar:/Users/bimalviswam/.m2/repository/org/apache/httpcomponents/httpclient/4.5.3/httpclient-4.5.3.jar:/Users/bimalviswam/.m2/repository/org/apache/httpcomponents/httpcore/4.4.6/httpcore-4.4.6.jar:/Users/bimalviswam/.m2/repository/commons-logging/commons-logging/1.2/commons-logging-1.2.jar:/Users/bimalviswam/.m2/repository/commons-codec/commons-codec/1.9/commons-codec-1.9.jar:/Users/bimalviswam/.m2/repository/org/apache/httpcomponents/httpmime/4.5.3/httpmime-4.5.3.jar:/Users/bimalviswam/.m2/repository/org/hamcrest/hamcrest/2.1/hamcrest-2.1.jar:/Users/bimalviswam/.m2/repository/org/ccil/cowan/tagsoup/tagsoup/1.2.1/tagsoup-1.2.1.jar:/Users/bimalviswam/.m2/repository/io/rest-assured/json-path/4.1.2/json-path-4.1.2.jar:/Users/bimalviswam/.m2/repository/org/codehaus/groovy/groovy-json/2.5.8/groovy-json-2.5.8.jar:/Users/bimalviswam/.m2/repository/io/rest-assured/rest-assured-common/4.1.2/rest-assured-common-4.1.2.jar:/Users/bimalviswam/.m2/repository/io/rest-assured/xml-path/4.1.2/xml-path-4.1.2.jar:/Users/bimalviswam/.m2/repository/org/apache/commons/commons-lang3/3.4/commons-lang3-3.4.jar:/Users/bimalviswam/.m2/repository/javax/xml/bind/jaxb-api/2.3.1/jaxb-api-2.3.1.jar:/Users/bimalviswam/.m2/repository/javax/activation/javax.activation-api/1.2.0/javax.activation-api-1.2.0.jar:/Users/bimalviswam/.m2/repository/com/sun/xml/bind/jaxb-osgi/2.3.0.1/jaxb-osgi-2.3.0.1.jar:/Users/bimalviswam/.m2/repository/org/apache/sling/org.apache.sling.javax.activation/0.1.0/org.apache.sling.javax.activation-0.1.0.jar:/Users/bimalviswam/.m2/repository/javax/activation/activation/1.1.1/activation-1.1.1.jar:/Users/bimalviswam/.m2/repository/org/testng/testng/6.8/testng-6.8.jar:/Users/bimalviswam/.m2/repository/org/beanshell/bsh/2.0b4/bsh-2.0b4.jar:/Users/bimalviswam/.m2/repository/com/beust/jcommander/1.27/jcommander-1.27.jar:/Users/bimalviswam/.m2/repository/org/yaml/snakeyaml/1.6/snakeyaml-1.6.jar:/Users/bimalviswam/.m2/repository/com/googlecode/json-simple/json-simple/1.1.1/json-simple-1.1.1.jar:"/>
    <property name="java.vm.vendor" value="Oracle Corporation"/>
    <property name="sun.arch.data.model" value="64"/>
    <property name="java.vendor.url" value="http://java.oracle.com/"/>
    <property name="user.timezone" value="America/Chicago"/>
    <property name="java.vm.specification.version" value="9"/>
    <property name="os.name" value="Mac OS X"/>
    <property name="sun.java.launcher" value="SUN_STANDARD"/>
    <property name="user.country" value="US"/>
    <property name="sun.boot.library.path" value="/Library/Java/JavaVirtualMachines/jdk-9.0.1.jdk/Contents/Home/lib"/>
    <property name="sun.java.command" value="/Users/bimalviswam/IdeaProjects/Reqres/target/surefire/surefirebooter18037840737682005977.jar /Users/bimalviswam/IdeaProjects/Reqres/target/surefire 2020-01-26T11-10-01_604-jvmRun1 surefire15712119267741249323tmp surefire_01348487313545042319tmp"/>
    <property name="http.nonProxyHosts" value="local|*.local|169.254/16|*.169.254/16"/>
    <property name="jdk.debug" value="release"/>
    <property name="surefire.test.class.path" value="/Users/bimalviswam/IdeaProjects/Reqres/target/test-classes:/Users/bimalviswam/IdeaProjects/Reqres/target/classes:/Users/bimalviswam/.m2/repository/junit/junit/4.13/junit-4.13.jar:/Users/bimalviswam/.m2/repository/org/hamcrest/hamcrest-core/1.3/hamcrest-core-1.3.jar:/Users/bimalviswam/.m2/repository/io/rest-assured/rest-assured/4.1.2/rest-assured-4.1.2.jar:/Users/bimalviswam/.m2/repository/org/codehaus/groovy/groovy/2.5.8/groovy-2.5.8.jar:/Users/bimalviswam/.m2/repository/org/codehaus/groovy/groovy-xml/2.5.8/groovy-xml-2.5.8.jar:/Users/bimalviswam/.m2/repository/org/apache/httpcomponents/httpclient/4.5.3/httpclient-4.5.3.jar:/Users/bimalviswam/.m2/repository/org/apache/httpcomponents/httpcore/4.4.6/httpcore-4.4.6.jar:/Users/bimalviswam/.m2/repository/commons-logging/commons-logging/1.2/commons-logging-1.2.jar:/Users/bimalviswam/.m2/repository/commons-codec/commons-codec/1.9/commons-codec-1.9.jar:/Users/bimalviswam/.m2/repository/org/apache/httpcomponents/httpmime/4.5.3/httpmime-4.5.3.jar:/Users/bimalviswam/.m2/repository/org/hamcrest/hamcrest/2.1/hamcrest-2.1.jar:/Users/bimalviswam/.m2/repository/org/ccil/cowan/tagsoup/tagsoup/1.2.1/tagsoup-1.2.1.jar:/Users/bimalviswam/.m2/repository/io/rest-assured/json-path/4.1.2/json-path-4.1.2.jar:/Users/bimalviswam/.m2/repository/org/codehaus/groovy/groovy-json/2.5.8/groovy-json-2.5.8.jar:/Users/bimalviswam/.m2/repository/io/rest-assured/rest-assured-common/4.1.2/rest-assured-common-4.1.2.jar:/Users/bimalviswam/.m2/repository/io/rest-assured/xml-path/4.1.2/xml-path-4.1.2.jar:/Users/bimalviswam/.m2/repository/org/apache/commons/commons-lang3/3.4/commons-lang3-3.4.jar:/Users/bimalviswam/.m2/repository/javax/xml/bind/jaxb-api/2.3.1/jaxb-api-2.3.1.jar:/Users/bimalviswam/.m2/repository/javax/activation/javax.activation-api/1.2.0/javax.activation-api-1.2.0.jar:/Users/bimalviswam/.m2/repository/com/sun/xml/bind/jaxb-osgi/2.3.0.1/jaxb-osgi-2.3.0.1.jar:/Users/bimalviswam/.m2/repository/org/apache/sling/org.apache.sling.javax.activation/0.1.0/org.apache.sling.javax.activation-0.1.0.jar:/Users/bimalviswam/.m2/repository/javax/activation/activation/1.1.1/activation-1.1.1.jar:/Users/bimalviswam/.m2/repository/org/testng/testng/6.8/testng-6.8.jar:/Users/bimalviswam/.m2/repository/org/beanshell/bsh/2.0b4/bsh-2.0b4.jar:/Users/bimalviswam/.m2/repository/com/beust/jcommander/1.27/jcommander-1.27.jar:/Users/bimalviswam/.m2/repository/org/yaml/snakeyaml/1.6/snakeyaml-1.6.jar:/Users/bimalviswam/.m2/repository/com/googlecode/json-simple/json-simple/1.1.1/json-simple-1.1.1.jar:"/>
    <property name="sun.cpu.endian" value="little"/>
    <property name="user.home" value="/Users/bimalviswam"/>
    <property name="user.language" value="en"/>
    <property name="count" value="teesggggdf"/>
    <property name="java.specification.vendor" value="Oracle Corporation"/>
    <property name="java.home" value="/Library/Java/JavaVirtualMachines/jdk-9.0.1.jdk/Contents/Home"/>
    <property name="file.separator" value="/"/>
    <property name="basedir" value="/Users/bimalviswam/IdeaProjects/Reqres"/>
    <property name="java.vm.compressedOopsMode" value="Zero based"/>
    <property name="line.separator" value="&#10;"/>
    <property name="java.specification.name" value="Java Platform API Specification"/>
    <property name="java.vm.specification.vendor" value="Oracle Corporation"/>
    <property name="java.awt.graphicsenv" value="sun.awt.CGraphicsEnvironment"/>
    <property name="surefire.real.class.path" value="/Users/bimalviswam/IdeaProjects/Reqres/target/surefire/surefirebooter18037840737682005977.jar"/>
    <property name="sun.management.compiler" value="HotSpot 64-Bit Tiered Compilers"/>
    <property name="ftp.nonProxyHosts" value="local|*.local|169.254/16|*.169.254/16"/>
    <property name="java.runtime.version" value="9.0.1+11"/>
    <property name="user.name" value="bimalviswam"/>
    <property name="path.separator" value=":"/>
    <property name="os.version" value="10.13.6"/>
    <property name="java.runtime.name" value="Java(TM) SE Runtime Environment"/>
    <property name="file.encoding" value="UTF-8"/>
    <property name="java.vm.name" value="Java HotSpot(TM) 64-Bit Server VM"/>
    <property name="localRepository" value="/Users/bimalviswam/.m2/repository"/>
    <property name="java.vendor.url.bug" value="http://bugreport.java.com/bugreport/"/>
    <property name="java.io.tmpdir" value="/var/folders/4b/bj0gtxtn0qbctqg_181zn6bw0000gn/T/"/>
    <property name="java.version" value="9.0.1"/>
    <property name="user.dir" value="/Users/bimalviswam/IdeaProjects/Reqres"/>
    <property name="os.arch" value="x86_64"/>
    <property name="groups" value="regression"/>
    <property name="java.vm.specification.name" value="Java Virtual Machine Specification"/>
    <property name="java.awt.printerjob" value="sun.lwawt.macosx.CPrinterJob"/>
    <property name="counter" value="teesggggdf"/>
    <property name="sun.os.patch.level" value="unknown"/>
    <property name="java.library.path" value="/Users/bimalviswam/Library/Java/Extensions:/Library/Java/Extensions:/Network/Library/Java/Extensions:/System/Library/Java/Extensions:/usr/lib/java:."/>
    <property name="java.vm.info" value="mixed mode"/>
    <property name="java.vendor" value="Oracle Corporation"/>
    <property name="java.vm.version" value="9.0.1+11"/>
    <property name="sun.io.unicode.encoding" value="UnicodeBig"/>
    <property name="java.class.version" value="53.0"/>
    <property name="socksNonProxyHosts" value="local|*.local|169.254/16|*.169.254/16"/>
  </properties>
  <testcase name="createUser" classname="ExtraGet" time="1.906"/>
  <testcase name="getExtrausers" classname="ExtraGet" time="0.353"/>
</testsuite>