<?xml version="1.0" encoding="UTF-8"?>
<!-- Generated by org.testng.reporters.JUnitReportReporter -->
<testsuite hostname="Bimals-MacBook-Pro.local" failures="0" tests="2" name="ExtraGet" time="2.259" errors="0" timestamp="26 Jan 2020 17:10:05 GMT">
  <testcase classname="ExtraGet" name="getExtrausers" time="0.353"/>
  <testcase classname="ExtraGet" name="createUser" time="1.906"/>
</testsuite> <!-- ExtraGet -->
